PeerCare/app/build/intermediates/manifest_merge_blame_file/debug/manifest-merger-blame-debug-report.txt
1<?xml version="1.0" encoding="utf-8"?>
2<manifest xmlns:android="http://schemas.android.com/apk/res/android"
3    package="com.vogella.android.retrofitgithub"
4    android:versionCode="1"
5    android:versionName="1.0" >
6
7    <uses-sdk
8        android:minSdkVersion="15"
8-->src\main\AndroidManifest.xml
9        android:targetSdkVersion="26" />
9-->src\main\AndroidManifest.xml
10
11    <uses-permission android:name="android.permission.INTERNET" />
11-->src\main\AndroidManifest.xml:32:5-67
11-->src\main\AndroidManifest.xml:32:22-64
12    <uses-permission android:name="android.permission.ACCESS_NETWORK_STATE" />
12-->src\main\AndroidManifest.xml:34:5-79
12-->src\main\AndroidManifest.xml:34:22-76
13
14    <application
14-->src\main\AndroidManifest.xml:6:5-31:19
15        android:allowBackup="true"
15-->src\main\AndroidManifest.xml:7:9-35
16        android:debuggable="true"
17        android:icon="@mipmap/ic_launcher"
17-->src\main\AndroidManifest.xml:8:9-43
18        android:label="@string/app_name"
18-->src\main\AndroidManifest.xml:9:9-41
19        android:supportsRtl="true"
19-->src\main\AndroidManifest.xml:10:9-35
20        android:testOnly="true"
21        android:theme="@style/AppTheme" >
21-->src\main\AndroidManifest.xml:11:9-40
22        <activity android:name="com.vogella.android.retrofitgithub.ActivityHome" >
22-->src\main\AndroidManifest.xml:13:9-19:20
22-->src\main\AndroidManifest.xml:13:19-47
23            <intent-filter>
23-->src\main\AndroidManifest.xml:14:13-18:29
24                <action android:name="android.intent.action.MAIN" />
24-->src\main\AndroidManifest.xml:15:17-69
24-->src\main\AndroidManifest.xml:15:25-66
25
26                <category android:name="android.intent.category.LAUNCHER" />
26-->src\main\AndroidManifest.xml:17:17-77
26-->src\main\AndroidManifest.xml:17:27-74
27            </intent-filter>
28        </activity>
29        <activity android:name="com.vogella.android.retrofitgithub.authentication.signup.SignUpThirdScreen" />
29-->src\main\AndroidManifest.xml:20:9-77
29-->src\main\AndroidManifest.xml:20:19-74
30        <activity android:name="com.vogella.android.retrofitgithub.authentication.signup.SignUpSecondScreen" />
30-->src\main\AndroidManifest.xml:21:9-78
30-->src\main\AndroidManifest.xml:21:19-75
31        <activity android:name="com.vogella.android.retrofitgithub.menu.Menu" />
31-->src\main\AndroidManifest.xml:22:9-47
31-->src\main\AndroidManifest.xml:22:19-44
32        <activity android:name="com.vogella.android.retrofitgithub.authentication.signup.SignUp" />
32-->src\main\AndroidManifest.xml:23:9-66
32-->src\main\AndroidManifest.xml:23:19-63
33        <activity android:name="com.vogella.android.retrofitgithub.authentication.signin.Login" />
33-->src\main\AndroidManifest.xml:24:9-65
33-->src\main\AndroidManifest.xml:24:19-62
34        <activity
34-->src\main\AndroidManifest.xml:25:9-30:20
35            android:name="com.vogella.android.retrofitgithub.authentication.MainAuthMenu"
35-->src\main\AndroidManifest.xml:26:13-56
36            android:label="@string/title_activity_main_auth_menu"
36-->src\main\AndroidManifest.xml:27:13-66
37            android:theme="@style/AppTheme.NoActionBar" >
37-->src\main\AndroidManifest.xml:28:13-56
38        </activity>
39
40        <meta-data
40-->[com.android.support:design:26.1.0] AndroidManifest.xml:26:9-28:38
41            android:name="android.support.VERSION"
41-->[com.android.support:design:26.1.0] AndroidManifest.xml:27:13-51
42            android:value="26.1.0" />
42-->[com.android.support:design:26.1.0] AndroidManifest.xml:28:13-35
43        <meta-data
43-->[android.arch.lifecycle:runtime:1.0.0] AndroidManifest.xml:25:9-27:47
44            android:name="android.arch.lifecycle.VERSION"
44-->[android.arch.lifecycle:runtime:1.0.0] AndroidManifest.xml:26:13-58
45            android:value="27.0.0-SNAPSHOT" />
45-->[android.arch.lifecycle:runtime:1.0.0] AndroidManifest.xml:27:13-44
46    </application>
47
48</manifest>